[INFO] Scanning for projects...
[INFO] 
[INFO] ---------------------< com.bharat:legacyexplorer >----------------------
[INFO] Building legacyexplorer 1.0.0
[INFO]   from pom.xml
[INFO] --------------------------------[ jar ]---------------------------------
[INFO] 
[INFO] >>> spring-boot:3.3.5:run (default-cli) > test-compile @ legacyexplorer >>>
[INFO] 
[INFO] --- resources:3.3.1:resources (default-resources) @ legacyexplorer ---
[INFO] Copying 1 resource from src\main\resources to target\classes
[INFO] Copying 0 resource from src\main\resources to target\classes
[INFO] 
[INFO] --- compiler:3.13.0:compile (default-compile) @ legacyexplorer ---
[INFO] Nothing to compile - all classes are up to date.
[INFO] 
[INFO] --- resources:3.3.1:testResources (default-testResources) @ legacyexplorer ---
[INFO] skip non existing resourceDirectory C:\Users\HP\Desktop\FEDF\blX\bharat-legacy-explorer\legacyexplorer\src\test\resources
[INFO] 
[INFO] --- compiler:3.13.0:testCompile (default-testCompile) @ legacyexplorer ---
[INFO] No sources to compile
[INFO] 
[INFO] <<< spring-boot:3.3.5:run (default-cli) < test-compile @ legacyexplorer <<<
[INFO] 
[INFO] 
[INFO] --- spring-boot:3.3.5:run (default-cli) @ legacyexplorer ---
[INFO] Attaching agents: []

  .   ____          _            __ _ _
 /\\ / ___'_ __ _ _(_)_ __  __ _ \ \ \ \
( ( )\___ | '_ | '_| | '_ \/ _` | \ \ \ \
 \\/  ___)| |_)| | | | | || (_| |  ) ) ) )
  '  |____| .__|_| |_|_| |_\__, | / / / /
 =========|_|==============|___/=/_/_/_/

 :: Spring Boot ::                (v3.3.5)

2026-03-02T20:27:14.934+05:30  INFO 17852 --- [legacyexplorer] [           main] c.b.l.LegacyExplorerApplication          : Starting LegacyExplorerApplication using Java 24.0.2 with PID 17852 (C:\Users\HP\Desktop\FEDF\blX\bharat-legacy-explorer\legacyexplorer\target\classes started by HP in C:\Users\HP\Desktop\FEDF\blX\bharat-legacy-explorer\legacyexplorer)
2026-03-02T20:27:14.936+05:30  INFO 17852 --- [legacyexplorer] [           main] c.b.l.LegacyExplorerApplication          : No active profile set, falling back to 1 default profile: "default"
2026-03-02T20:27:14.937+05:30 DEBUG 17852 --- [legacyexplorer] [           main] o.s.boot.SpringApplication               : Loading source class com.bharat.legacyexplorer.LegacyExplorerApplication
2026-03-02T20:27:14.974+05:30 DEBUG 17852 --- [legacyexplorer] [           main] ConfigServletWebServerApplicationContext : Refreshing org.springframework.boot.web.servlet.context.AnnotationConfigServletWebServerApplicationContext@5b1669c0
2026-03-02T20:27:15.423+05:30  INFO 17852 --- [legacyexplorer] [           main] .s.d.r.c.RepositoryConfigurationDelegate : Bootstrapping Spring Data JPA repositories in DEFAULT mode.
2026-03-02T20:27:15.443+05:30 DEBUG 17852 --- [legacyexplorer] [           main] o.s.b.a.AutoConfigurationPackages        : @EnableAutoConfiguration was declared on a class in the package 'com.bharat.legacyexplorer'. Automatic @Repository and @Entity scanning is enabled.
2026-03-02T20:27:15.483+05:30  INFO 17852 --- [legacyexplorer] [           main] .s.d.r.c.RepositoryConfigurationDelegate : Finished Spring Data repository scanning in 48 ms. Found 7 JPA repository interfaces.
WARNING: A restricted method in java.lang.System has been called
WARNING: java.lang.System::load has been called by org.apache.tomcat.jni.Library in an unnamed module (file:/C:/Users/HP/.m2/repository/org/apache/tomcat/embed/tomcat-embed-core/10.1.31/tomcat-embed-core-10.1.31.jar)
WARNING: Use --enable-native-access=ALL-UNNAMED to avoid a warning for callers in this module
WARNING: Restricted methods will be blocked in a future release unless native access is enabled

2026-03-02T20:27:15.895+05:30 DEBUG 17852 --- [legacyexplorer] [           main] .s.b.w.e.t.TomcatServletWebServerFactory : Code archive: C:\Users\HP\.m2\repository\org\springframework\boot\spring-boot\3.3.5\spring-boot-3.3.5.jar
2026-03-02T20:27:15.897+05:30 DEBUG 17852 --- [legacyexplorer] [           main] .s.b.w.e.t.TomcatServletWebServerFactory : Code archive: C:\Users\HP\.m2\repository\org\springframework\boot\spring-boot\3.3.5\spring-boot-3.3.5.jar
2026-03-02T20:27:15.898+05:30 DEBUG 17852 --- [legacyexplorer] [           main] .s.b.w.e.t.TomcatServletWebServerFactory : None of the document roots [src/main/webapp, public, static] point to a directory and will be ignored.
2026-03-02T20:27:15.913+05:30  INFO 17852 --- [legacyexplorer] [           main] o.s.b.w.embedded.tomcat.TomcatWebServer  : Tomcat initialized with port 9090 (http)
2026-03-02T20:27:15.925+05:30  INFO 17852 --- [legacyexplorer] [           main] o.apache.catalina.core.StandardService   : Starting service [Tomcat]
2026-03-02T20:27:15.925+05:30  INFO 17852 --- [legacyexplorer] [           main] o.apache.catalina.core.StandardEngine    : Starting Servlet engine: [Apache Tomcat/10.1.31]
2026-03-02T20:27:15.965+05:30  INFO 17852 --- [legacyexplorer] [           main] o.a.c.c.C.[Tomcat].[localhost].[/]       : Initializing Spring embedded WebApplicationContext
2026-03-02T20:27:15.965+05:30 DEBUG 17852 --- [legacyexplorer] [           main] w.s.c.ServletWebServerApplicationContext : Published root WebApplicationContext as ServletContext attribute with name [org.springframework.web.context.WebApplicationContext.ROOT]
2026-03-02T20:27:15.966+05:30  INFO 17852 --- [legacyexplorer] [           main] w.s.c.ServletWebServerApplicationContext : Root WebApplicationContext: initialization completed in 992 ms
2026-03-02T20:27:15.980+05:30 DEBUG 17852 --- [legacyexplorer] [           main] o.s.b.w.s.ServletContextInitializerBeans : Mapping filters: springSecurityFilterChain urls=[/*] order=-100, characterEncodingFilter urls=[/*] order=-2147483648, formContentFilter urls=[/*] order=-9900, requestContextFilter urls=[/*] order=-105
2026-03-02T20:27:15.981+05:30 DEBUG 17852 --- [legacyexplorer] [           main] o.s.b.w.s.ServletContextInitializerBeans : Mapping servlets: dispatcherServlet urls=[/]
2026-03-02T20:27:15.994+05:30 DEBUG 17852 --- [legacyexplorer] [           main] o.s.b.w.s.f.OrderedRequestContextFilter  : Filter 'requestContextFilter' configured for use
2026-03-02T20:27:15.995+05:30 DEBUG 17852 --- [legacyexplorer] [           main] s.b.w.s.f.OrderedCharacterEncodingFilter : Filter 'characterEncodingFilter' configured for use
2026-03-02T20:27:15.996+05:30 DEBUG 17852 --- [legacyexplorer] [           main] .DelegatingFilterProxyRegistrationBean$1 : Filter 'springSecurityFilterChain' configured for use
2026-03-02T20:27:15.996+05:30 DEBUG 17852 --- [legacyexplorer] [           main] o.s.b.w.s.f.OrderedFormContentFilter     : Filter 'formContentFilter' configured for use
2026-03-02T20:27:16.066+05:30  INFO 17852 --- [legacyexplorer] [           main] o.hibernate.jpa.internal.util.LogHelper  : HHH000204: Processing PersistenceUnitInfo [name: default]
2026-03-02T20:27:16.097+05:30  INFO 17852 --- [legacyexplorer] [           main] org.hibernate.Version                    : HHH000412: Hibernate ORM core version 6.5.3.Final
2026-03-02T20:27:16.126+05:30  INFO 17852 --- [legacyexplorer] [           main] o.h.c.internal.RegionFactoryInitiator    : HHH000026: Second-level cache disabled
2026-03-02T20:27:16.335+05:30  INFO 17852 --- [legacyexplorer] [           main] o.s.o.j.p.SpringPersistenceUnitInfo      : No LoadTimeWeaver setup: ignoring JPA class transformer
2026-03-02T20:27:16.360+05:30  INFO 17852 --- [legacyexplorer] [           main] com.zaxxer.hikari.HikariDataSource       : HikariPool-1 - Starting...
2026-03-02T20:27:16.513+05:30  INFO 17852 --- [legacyexplorer] [           main] com.zaxxer.hikari.pool.HikariPool        : HikariPool-1 - Added connection com.mysql.cj.jdbc.ConnectionImpl@30ec211a
2026-03-02T20:27:16.515+05:30  INFO 17852 --- [legacyexplorer] [           main] com.zaxxer.hikari.HikariDataSource       : HikariPool-1 - Start completed.
